2024-05-22T19:20:02.910+05:30  INFO 3080 --- [learning-Backend] [restartedMain] c.p.LearningBackendApplication           : Starting LearningBackendApplication using Java 20.0.2 with PID 3080 (E:\Learning_projects\learning-Backend\target\classes started by User in E:\Learning_projects\learning-Backend)
2024-05-22T19:20:02.916+05:30  INFO 3080 --- [learning-Backend] [restartedMain] c.p.LearningBackendApplication           : No active profile set, falling back to 1 default profile: "default"
2024-05-22T19:20:03.160+05:30  INFO 3080 --- [learning-Backend] [restartedMain] .e.DevToolsPropertyDefaultsPostProcessor : Devtools property defaults active! Set 'spring.devtools.add-properties' to 'false' to disable
2024-05-22T19:20:03.160+05:30  INFO 3080 --- [learning-Backend] [restartedMain] .e.DevToolsPropertyDefaultsPostProcessor : For additional web related logging consider setting the 'logging.level.web' property to 'DEBUG'
2024-05-22T19:20:07.633+05:30  INFO 3080 --- [learning-Backend] [restartedMain] .s.d.r.c.RepositoryConfigurationDelegate : Bootstrapping Spring Data JPA repositories in DEFAULT mode.
2024-05-22T19:20:08.314+05:30  INFO 3080 --- [learning-Backend] [restartedMain] .s.d.r.c.RepositoryConfigurationDelegate : Finished Spring Data repository scanning in 654 ms. Found 8 JPA repository interfaces.
2024-05-22T19:20:13.262+05:30  INFO 3080 --- [learning-Backend] [restartedMain] o.s.b.w.embedded.tomcat.TomcatWebServer  : Tomcat initialized with port 8080 (http)
2024-05-22T19:20:13.321+05:30  INFO 3080 --- [learning-Backend] [restartedMain] o.apache.catalina.core.StandardService   : Starting service [Tomcat]
2024-05-22T19:20:13.322+05:30  INFO 3080 --- [learning-Backend] [restartedMain] o.apache.catalina.core.StandardEngine    : Starting Servlet engine: [Apache Tomcat/10.1.20]
2024-05-22T19:20:13.530+05:30  INFO 3080 --- [learning-Backend] [restartedMain] o.a.c.c.C.[Tomcat].[localhost].[/]       : Initializing Spring embedded WebApplicationContext
2024-05-22T19:20:13.531+05:30  INFO 3080 --- [learning-Backend] [restartedMain] w.s.c.ServletWebServerApplicationContext : Root WebApplicationContext: initialization completed in 10368 ms
2024-05-22T19:20:14.396+05:30  INFO 3080 --- [learning-Backend] [restartedMain] o.hibernate.jpa.internal.util.LogHelper  : HHH000204: Processing PersistenceUnitInfo [name: default]
2024-05-22T19:20:14.602+05:30  INFO 3080 --- [learning-Backend] [restartedMain] org.hibernate.Version                    : HHH000412: Hibernate ORM core version 6.4.4.Final
2024-05-22T19:20:14.736+05:30  INFO 3080 --- [learning-Backend] [restartedMain] o.h.c.internal.RegionFactoryInitiator    : HHH000026: Second-level cache disabled
2024-05-22T19:20:15.814+05:30  INFO 3080 --- [learning-Backend] [restartedMain] o.s.o.j.p.SpringPersistenceUnitInfo      : No LoadTimeWeaver setup: ignoring JPA class transformer
2024-05-22T19:20:15.943+05:30  INFO 3080 --- [learning-Backend] [restartedMain] com.zaxxer.hikari.HikariDataSource       : HikariPool-1 - Starting...
2024-05-22T19:20:35.247+05:30  INFO 3080 --- [learning-Backend] [restartedMain] com.zaxxer.hikari.pool.HikariPool        : HikariPool-1 - Added connection com.mysql.cj.jdbc.ConnectionImpl@3656903a
2024-05-22T19:20:35.264+05:30  INFO 3080 --- [learning-Backend] [restartedMain] com.zaxxer.hikari.HikariDataSource       : HikariPool-1 - Start completed.
2024-05-22T19:20:41.233+05:30  INFO 3080 --- [learning-Backend] [restartedMain] o.h.e.t.j.p.i.JtaPlatformInitiator       : HHH000489: No JTA platform available (set 'hibernate.transaction.jta.platform' to enable JTA platform integration)
2024-05-22T19:20:41.808+05:30  INFO 3080 --- [learning-Backend] [restartedMain] j.LocalContainerEntityManagerFactoryBean : Initialized JPA EntityManagerFactory for persistence unit 'default'
2024-05-22T19:20:43.282+05:30  INFO 3080 --- [learning-Backend] [restartedMain] o.s.d.j.r.query.QueryEnhancerFactory     : Hibernate is in classpath; If applicable, HQL parser will be used.
2024-05-22T19:20:44.682+05:30  WARN 3080 --- [learning-Backend] [restartedMain] JpaBaseConfiguration$JpaWebConfiguration : spring.jpa.open-in-view is enabled by default. Therefore, database queries may be performed during view rendering. Explicitly configure spring.jpa.open-in-view to disable this warning
2024-05-22T19:20:45.657+05:30  INFO 3080 --- [learning-Backend] [restartedMain] o.s.s.web.DefaultSecurityFilterChain     : Will secure any request with [org.springframework.security.web.session.DisableEncodeUrlFilter@1548833b, org.springframework.security.web.context.request.async.WebAsyncManagerIntegrationFilter@754605ef, org.springframework.security.web.context.SecurityContextHolderFilter@55ec01d8, org.springframework.security.web.header.HeaderWriterFilter@599c00d4, org.springframework.web.filter.CorsFilter@ad65a71, org.springframework.security.web.authentication.logout.LogoutFilter@5929ac7e, com.projectmanagementsystembackend.config.JwtTokenValidator@244ccdde, org.springframework.security.web.savedrequest.RequestCacheAwareFilter@12d63498, org.springframework.security.web.servletapi.SecurityContextHolderAwareRequestFilter@2c59c709, org.springframework.security.web.authentication.AnonymousAuthenticationFilter@754cd337, org.springframework.security.web.session.SessionManagementFilter@36dfb5aa, org.springframework.security.web.access.ExceptionTranslationFilter@784a83f0, org.springframework.security.web.access.intercept.AuthorizationFilter@32fa5297]
2024-05-22T19:20:46.278+05:30  INFO 3080 --- [learning-Backend] [restartedMain] o.s.b.d.a.OptionalLiveReloadServer       : LiveReload server is running on port 35729
2024-05-22T19:20:46.456+05:30  INFO 3080 --- [learning-Backend] [restartedMain] o.s.b.w.embedded.tomcat.TomcatWebServer  : Tomcat started on port 8080 (http) with context path ''
2024-05-22T19:20:46.500+05:30  INFO 3080 --- [learning-Backend] [restartedMain] c.p.LearningBackendApplication           : Started LearningBackendApplication in 47.759 seconds (process running for 52.16)
2024-05-22T19:20:53.159+05:30  INFO 3080 --- [learning-Backend] [SpringApplicationShutdownHook] j.LocalContainerEntityManagerFactoryBean : Closing JPA EntityManagerFactory for persistence unit 'default'
2024-05-22T19:20:53.190+05:30  INFO 3080 --- [learning-Backend] [SpringApplicationShutdownHook] com.zaxxer.hikari.HikariDataSource       : HikariPool-1 - Shutdown initiated...
2024-05-22T19:20:53.232+05:30  INFO 3080 --- [learning-Backend] [SpringApplicationShutdownHook] com.zaxxer.hikari.HikariDataSource       : HikariPool-1 - Shutdown completed.
